C:\Users\walkout\Documents\Visual Studio 2010\Projects\boardWatcher\boardWatcher\x64\Debug\boardWatcher.exe.embed.manifest
C:\USERS\WALKOUT\DOCUMENTS\VISUAL STUDIO 2010\PROJECTS\BOARDWATCHER\BOARDWATCHER\X64\DEBUG\BOARDWATCHER.EXE.EMBED.MANIFEST.RES
C:\Users\walkout\Documents\Visual Studio 2010\Projects\boardWatcher\boardWatcher\x64\Debug\boardWatcher.exe.intermediate.manifest
C:\USERS\WALKOUT\DOCUMENTS\VISUAL STUDIO 2010\PROJECTS\BOARDWATCHER\BOARDWATCHER\X64\DEBUG\BOARDWATCHER.OBJ
C:\Users\walkout\Documents\Visual Studio 2010\Projects\boardWatcher\boardWatcher\x64\Debug\boardWatcher_manifest.rc
C:\Users\walkout\Documents\Visual Studio 2010\Projects\boardWatcher\boardWatcher\x64\Debug\cl.command.1.tlog
C:\Users\walkout\Documents\Visual Studio 2010\Projects\boardWatcher\boardWatcher\x64\Debug\CL.read.1.tlog
C:\Users\walkout\Documents\Visual Studio 2010\Projects\boardWatcher\boardWatcher\x64\Debug\CL.write.1.tlog
C:\USERS\WALKOUT\DOCUMENTS\VISUAL STUDIO 2010\PROJECTS\BOARDWATCHER\BOARDWATCHER\X64\DEBUG\CONFIGOPTIONS.OBJ
C:\USERS\WALKOUT\DOCUMENTS\VISUAL STUDIO 2010\PROJECTS\BOARDWATCHER\BOARDWATCHER\X64\DEBUG\HTTPPOST.OBJ
C:\Users\walkout\Documents\Visual Studio 2010\Projects\boardWatcher\boardWatcher\x64\Debug\link.command.1.tlog
C:\Users\walkout\Documents\Visual Studio 2010\Projects\boardWatcher\boardWatcher\x64\Debug\link.read.1.tlog
C:\Users\walkout\Documents\Visual Studio 2010\Projects\boardWatcher\boardWatcher\x64\Debug\link.write.1.tlog
C:\Users\walkout\Documents\Visual Studio 2010\Projects\boardWatcher\boardWatcher\x64\Debug\link-cvtres.read.1.tlog
C:\Users\walkout\Documents\Visual Studio 2010\Projects\boardWatcher\boardWatcher\x64\Debug\link-cvtres.write.1.tlog
C:\Users\walkout\Documents\Visual Studio 2010\Projects\boardWatcher\boardWatcher\x64\Debug\rc.command.1.tlog
C:\Users\walkout\Documents\Visual Studio 2010\Projects\boardWatcher\boardWatcher\x64\Debug\rc.read.1.tlog
C:\Users\walkout\Documents\Visual Studio 2010\Projects\boardWatcher\boardWatcher\x64\Debug\rc.write.1.tlog
C:\Users\walkout\Documents\Visual Studio 2010\Projects\boardWatcher\boardWatcher\x64\Debug\vc100.idb
C:\USERS\WALKOUT\DOCUMENTS\VISUAL STUDIO 2010\PROJECTS\BOARDWATCHER\BOARDWATCHER\X64\DEBUG\VC100.PDB
C:\Users\walkout\Documents\Visual Studio 2010\Projects\boardWatcher\x64\Debug\boardWatcher.pdb
