Build started 5/16/2013 12:30:01 PM.
     1>Project "C:\Users\walkout\Documents\Visual Studio 2010\Projects\boardWatcher\boardWatcher\boardWatcher.vcxproj" on node 2 (build target(s)).
     1>InitializeBuildStatus:
         Creating "Release\boardWatcher.unsuccessfulbuild" because "AlwaysCreate" was specified.
       ClCompile:
         C:\Program Files (x86)\Microsoft Visual Studio 10.0\VC\bin\CL.exe /c /Zi /nologo /W3 /WX- /O2 /Oi /Oy- /GL /D WIN32 /D NDEBUG /D _CONSOLE /D _MBCS /Gm- /EHsc /MD /GS /Gy /fp:precise /Zc:wchar_t /Zc:forScope /Fo"Release\\" /Fd"Release\vc100.pdb" /Gd /TP /analyze- /errorReport:prompt boardWatcher.cpp
         boardWatcher.cpp
     1>boardWatcher.cpp(59): warning C4996: 'sprintf': This function or variable may be unsafe. Consider using sprintf_s instead. To disable deprecation, use _CRT_SECURE_NO_WARNINGS. See online help for details.
                 C:\Program Files (x86)\Microsoft Visual Studio 10.0\VC\include\stdio.h(371) : see declaration of 'sprintf'
     1>boardWatcher.cpp(73): warning C4996: 'sprintf': This function or variable may be unsafe. Consider using sprintf_s instead. To disable deprecation, use _CRT_SECURE_NO_WARNINGS. See online help for details.
                 C:\Program Files (x86)\Microsoft Visual Studio 10.0\VC\include\stdio.h(371) : see declaration of 'sprintf'
     1>boardWatcher.cpp(112): warning C4996: 'strtok': This function or variable may be unsafe. Consider using strtok_s instead. To disable deprecation, use _CRT_SECURE_NO_WARNINGS. See online help for details.
                 C:\Program Files (x86)\Microsoft Visual Studio 10.0\VC\include\string.h(197) : see declaration of 'strtok'
     1>boardWatcher.cpp(116): warning C4996: 'strtok': This function or variable may be unsafe. Consider using strtok_s instead. To disable deprecation, use _CRT_SECURE_NO_WARNINGS. See online help for details.
                 C:\Program Files (x86)\Microsoft Visual Studio 10.0\VC\include\string.h(197) : see declaration of 'strtok'
     1>boardWatcher.cpp(145): warning C4996: 'sprintf': This function or variable may be unsafe. Consider using sprintf_s instead. To disable deprecation, use _CRT_SECURE_NO_WARNINGS. See online help for details.
                 C:\Program Files (x86)\Microsoft Visual Studio 10.0\VC\include\stdio.h(371) : see declaration of 'sprintf'
     1>boardWatcher.cpp(159): warning C4996: 'sprintf': This function or variable may be unsafe. Consider using sprintf_s instead. To disable deprecation, use _CRT_SECURE_NO_WARNINGS. See online help for details.
                 C:\Program Files (x86)\Microsoft Visual Studio 10.0\VC\include\stdio.h(371) : see declaration of 'sprintf'
     1>boardWatcher.cpp(344): warning C4244: '=' : conversion from 'float' to 'int', possible loss of data
     1>boardWatcher.cpp(345): warning C4996: 'itoa': The POSIX name for this item is deprecated. Instead, use the ISO C++ conformant name: _itoa. See online help for details.
                 C:\Program Files (x86)\Microsoft Visual Studio 10.0\VC\include\stdlib.h(867) : see declaration of 'itoa'
     1>boardWatcher.cpp(385): warning C4996: 'strcpy': This function or variable may be unsafe. Consider using strcpy_s instead. To disable deprecation, use _CRT_SECURE_NO_WARNINGS. See online help for details.
                 C:\Program Files (x86)\Microsoft Visual Studio 10.0\VC\include\string.h(105) : see declaration of 'strcpy'
     1>boardWatcher.cpp(386): warning C4996: 'strcpy': This function or variable may be unsafe. Consider using strcpy_s instead. To disable deprecation, use _CRT_SECURE_NO_WARNINGS. See online help for details.
                 C:\Program Files (x86)\Microsoft Visual Studio 10.0\VC\include\string.h(105) : see declaration of 'strcpy'
     1>boardWatcher.cpp(388): warning C4996: 'strtok': This function or variable may be unsafe. Consider using strtok_s instead. To disable deprecation, use _CRT_SECURE_NO_WARNINGS. See online help for details.
                 C:\Program Files (x86)\Microsoft Visual Studio 10.0\VC\include\string.h(197) : see declaration of 'strtok'
     1>boardWatcher.cpp(393): warning C4996: 'strcpy': This function or variable may be unsafe. Consider using strcpy_s instead. To disable deprecation, use _CRT_SECURE_NO_WARNINGS. See online help for details.
                 C:\Program Files (x86)\Microsoft Visual Studio 10.0\VC\include\string.h(105) : see declaration of 'strcpy'
     1>boardWatcher.cpp(396): warning C4996: 'strtok': This function or variable may be unsafe. Consider using strtok_s instead. To disable deprecation, use _CRT_SECURE_NO_WARNINGS. See online help for details.
                 C:\Program Files (x86)\Microsoft Visual Studio 10.0\VC\include\string.h(197) : see declaration of 'strtok'
     1>boardWatcher.cpp(401): warning C4996: 'strtok': This function or variable may be unsafe. Consider using strtok_s instead. To disable deprecation, use _CRT_SECURE_NO_WARNINGS. See online help for details.
                 C:\Program Files (x86)\Microsoft Visual Studio 10.0\VC\include\string.h(197) : see declaration of 'strtok'
     1>boardWatcher.cpp(406): warning C4996: 'strcpy': This function or variable may be unsafe. Consider using strcpy_s instead. To disable deprecation, use _CRT_SECURE_NO_WARNINGS. See online help for details.
                 C:\Program Files (x86)\Microsoft Visual Studio 10.0\VC\include\string.h(105) : see declaration of 'strcpy'
     1>boardWatcher.cpp(409): warning C4996: 'strtok': This function or variable may be unsafe. Consider using strtok_s instead. To disable deprecation, use _CRT_SECURE_NO_WARNINGS. See online help for details.
                 C:\Program Files (x86)\Microsoft Visual Studio 10.0\VC\include\string.h(197) : see declaration of 'strtok'
       Link:
         C:\Program Files (x86)\Microsoft Visual Studio 10.0\VC\bin\link.exe /ERRORREPORT:PROMPT /OUT:"C:\Users\walkout\Documents\Visual Studio 2010\Projects\boardWatcher\Release\boardWatcher.exe" /INCREMENTAL:NO /NOLOGO opencv_core244.lib opencv_imgproc244.lib opencv_highgui244.lib kernel32.lib user32.lib gdi32.lib winspool.lib comdlg32.lib advapi32.lib shell32.lib ole32.lib oleaut32.lib uuid.lib odbc32.lib odbccp32.lib /MANIFEST /ManifestFile:"Release\boardWatcher.exe.intermediate.manifest" /MANIFESTUAC:"level='asInvoker' uiAccess='false'" /DEBUG /PDB:"C:\Users\walkout\Documents\Visual Studio 2010\Projects\boardWatcher\Release\boardWatcher.pdb" /SUBSYSTEM:CONSOLE /OPT:REF /OPT:ICF /LTCG /TLBID:1 /DYNAMICBASE /NXCOMPAT /IMPLIB:"C:\Users\walkout\Documents\Visual Studio 2010\Projects\boardWatcher\Release\boardWatcher.lib" /MACHINE:X86 Release\boardWatcher.obj
         Release\ConfigOptions.obj
         Generating code
         Finished generating code
         boardWatcher.vcxproj -> C:\Users\walkout\Documents\Visual Studio 2010\Projects\boardWatcher\Release\boardWatcher.exe
       Manifest:
         C:\Program Files (x86)\Microsoft SDKs\Windows\v7.0A\bin\mt.exe /nologo /verbose /outputresource:"C:\Users\walkout\Documents\Visual Studio 2010\Projects\boardWatcher\Release\boardWatcher.exe;#1" /manifest Release\boardWatcher.exe.intermediate.manifest
       FinalizeBuildStatus:
         Deleting file "Release\boardWatcher.unsuccessfulbuild".
         Touching "Release\boardWatcher.lastbuildstate".
     1>Done Building Project "C:\Users\walkout\Documents\Visual Studio 2010\Projects\boardWatcher\boardWatcher\boardWatcher.vcxproj" (build target(s)).

Project Performance Summary:
     2001 ms  C:\Users\walkout\Documents\Visual Studio 2010\Projects\boardWatcher\boardWatcher\boardWatcher.vcxproj   1 calls
               2001 ms  build                                      1 calls

Target Performance Summary:
        0 ms  SelectCustomBuild                          1 calls
        0 ms  _Midl                                      1 calls
        0 ms  _ClCompile                                 1 calls
        0 ms  CreateCustomManifestResourceNames          1 calls
        0 ms  GetReferenceAssemblyPaths                  1 calls
        0 ms  _CheckForCompileOutputs                    1 calls
        0 ms  SelectClCompile                            1 calls
        0 ms  ComputeCLGeneratedLinkInputs               1 calls
        0 ms  _PrepareForBuild                           1 calls
        0 ms  AfterResourceCompile                       1 calls
        0 ms  ComputeCLCompileGeneratedXDCFiles          1 calls
        0 ms  ComputeMIDLGeneratedCompileInputs          1 calls
        0 ms  PreLinkEvent                               1 calls
        0 ms  _XdcMake                                   1 calls
        0 ms  _Deploy                                    1 calls
        0 ms  PrepareResourceNames                       1 calls
        0 ms  _Manifest                                  1 calls
        0 ms  AfterBuildCompileEvent                     1 calls
        0 ms  BeforeResourceCompile                      1 calls
        0 ms  GetCopyToOutputDirectoryItems              1 calls
        0 ms  ResolveReferences                          1 calls
        0 ms  CreateSatelliteAssemblies                  1 calls
        0 ms  ComputeCustomBuildOutput                   1 calls
        0 ms  ComputeCLCompileGeneratedSbrFiles          1 calls
        0 ms  _ResourceCompile                           1 calls
        0 ms  MakeDirsForResourceCompile                 1 calls
        0 ms  AfterLink                                  1 calls
        0 ms  ComputeCLInputPDBName                      1 calls
        0 ms  _DetermineManagedStateFromCL               1 calls
        0 ms  _Xsd                                       1 calls
        0 ms  GetFrameworkPaths                          1 calls
        0 ms  MakeDirsForManifest                        1 calls
        0 ms  CopyFilesToOutputDirectory                 1 calls
        0 ms  ResolvedXDCMake                            1 calls
        0 ms  ComputeCLOutputs                           1 calls
        0 ms  AfterClCompile                             1 calls
        0 ms  BuildLinkTraverse                          1 calls
        0 ms  ComputeLinkInputsFromProject               1 calls
        0 ms  ComputeManifestInputsTargets               1 calls
        0 ms  ComputeManifestGeneratedLinkerInputs       1 calls
        0 ms  PostBuildEvent                             1 calls
        0 ms  BuildGenerateSourcesTraverse               1 calls
        0 ms  ComputeReferenceCLInput                    1 calls
        0 ms  _SplitProjectReferencesByFileExistence     1 calls
        0 ms  MakeDirsForMidl                            1 calls
        0 ms  AfterBuild                                 1 calls
        0 ms  AfterResolveReferences                     1 calls
        0 ms  _SelectedFiles                             1 calls
        0 ms  DoLinkOutputFilesMatch                     1 calls
        0 ms  BeforeResolveReferences                    1 calls
        0 ms  _ALink                                     1 calls
        0 ms  BuildGenerateSources                       1 calls
        0 ms  MakeDirsForBscMake                         1 calls
        0 ms  _BscMake                                   1 calls
        0 ms  _Link                                      1 calls
        0 ms  _Appverifier                               1 calls
        0 ms  AfterBuildGenerateSources                  1 calls
        0 ms  Build                                      1 calls
        0 ms  RegisterOutput                             1 calls
        0 ms  BuildCompile                               1 calls
        0 ms  _GenerateWebServiceProxy                   1 calls
        0 ms  AfterMidl                                  1 calls
        0 ms  PreBuildEvent                              1 calls
        0 ms  BeforeLink                                 1 calls
        0 ms  PlatformPrepareForBuild                    1 calls
        0 ms  BeforeBuildGenerateSources                 1 calls
        0 ms  BuildLink                                  1 calls
        0 ms  MakeDirsForXdcMake                         1 calls
        0 ms  BeforeClCompile                            1 calls
        0 ms  _CopySourceItemsToOutputDirectory          1 calls
        0 ms  AfterBuildGenerateSourcesEvent             1 calls
        0 ms  _DetermineManagedStateForLink              1 calls
        0 ms  _GenerateXMLData                           1 calls
        0 ms  SplitResourcesByCulture                    1 calls
        0 ms  ComputeRCGeneratedLinkInputs               1 calls
        1 ms  AssignTargetPaths                          1 calls
        1 ms  ResolveProjectReferences                   1 calls
        1 ms  MakeDirsForCl                              1 calls
        1 ms  ComputeLinkImportLibraryOutputsForClean    1 calls
        1 ms  ComputeRCOutputs                           1 calls
        1 ms  _GenerateSatelliteAssemblyInputs           1 calls
        1 ms  PrepareForBuild                            1 calls
        1 ms  FinalizeBuildStatus                        1 calls
        1 ms  MakeDirsForLink                            1 calls
        1 ms  BuildCompileTraverse                       1 calls
        2 ms  InitializeBuildStatus                      1 calls
        3 ms  SetBuildDefaultEnvironmentVariables        1 calls
        7 ms  _CheckForInvalidConfigurationAndPlatform   1 calls
       62 ms  Manifest                                   1 calls
      758 ms  Link                                       1 calls
     1159 ms  ClCompile                                  1 calls

Task Performance Summary:
        0 ms  Delete                                     1 calls
        0 ms  AssignTargetPath                           5 calls
        0 ms  WriteLinesToFile                           1 calls
        0 ms  ReadLinesFromFile                          1 calls
        0 ms  AssignCulture                              1 calls
        1 ms  Touch                                      2 calls
        1 ms  SetEnv                                     4 calls
        2 ms  Message                                    3 calls
        2 ms  MakeDir                                   10 calls
       62 ms  Mt                                         1 calls
      757 ms  Link                                       1 calls
     1157 ms  CL                                         1 calls

Build succeeded.

Time Elapsed 00:00:02.00
